<?xml version="1.0" encoding="UTF-8"?>

<mule xmlns:xsi="http://www.w3.org/2001/XMLSchema-instance"
	xmlns:munit="http://www.mulesoft.org/schema/mule/munit" xmlns:munit-tools="http://www.mulesoft.org/schema/mule/munit-tools"
	xmlns="http://www.mulesoft.org/schema/mule/core" xmlns:doc="http://www.mulesoft.org/schema/mule/documentation"
	xsi:schemaLocation="
		http://www.mulesoft.org/schema/mule/core http://www.mulesoft.org/schema/mule/core/current/mule.xsd
		http://www.mulesoft.org/schema/mule/munit http://www.mulesoft.org/schema/mule/munit/current/mule-munit.xsd
		http://www.mulesoft.org/schema/mule/munit-tools  http://www.mulesoft.org/schema/mule/munit-tools/current/mule-munit-tools.xsd">
	<munit:config name="Test-test-suite.xml" />
	<munit:test name="Test-test-suite-TestFlowTest" description="Test" doc:id="2025e89d-cae3-4a64-9596-6e71480115e0" >
		<munit:execution >
			<flow-ref doc:name="Flow-ref to TestFlow" doc:id="b5f228c8-a591-4931-a670-999dc7147831" name="TestFlow"/>
		</munit:execution>
		<munit:validation >
			<munit-tools:assert-that doc:name="Assert that" doc:id="0261e3a1-597f-49be-bb2e-eaf53f83fa22" expression="#[payload]" is="#[MunitTools::notNullValue()]"/>
		</munit:validation>
	</munit:test>


</mule>
